<?xml version="1.0" encoding="UTF-8"?>
<!-- Generated by org.testng.reporters.JUnitXMLReporter -->
<testsuite ignored="0" hostname="DESKTOP-KEGK38M" failures="0" tests="3" name="Go Rest API Test" time="31.901" errors="0" timestamp="2024-05-26T20:40:40 IST">
  <testcase classname="com.qa.gorest.tests.GET_01_AllUserTest" name="getUserWithQueryParamTest3" time="12.277"/>
  <testcase classname="com.qa.gorest.tests.GET_01_AllUserTest" name="getOneUserTest2" time="2.164"/>
  <testcase classname="com.qa.gorest.tests.GET_01_AllUserTest" name="getAllUserTest1" time="16.316"/>
</testsuite> <!-- Go Rest API Test -->
