<?xml version="1.0" encoding="UTF-8"?>
<!-- Generated by org.testng.reporters.JUnitXMLReporter -->
<testsuite ignored="0" hostname="DESKTOP-KEGK38M" failures="0" tests="2" name="Default test" time="12.982" errors="0" timestamp="13 May 2024 14:44:10 GMT">
  <testcase classname="com.gorest.in.GET_05_User_PathParam_DataProvider_DataDrivenTesting" name="getUsersWithPathPara_DataProviderTest" time="11.407"/>
  <testcase classname="com.gorest.in.GET_05_User_PathParam_DataProvider_DataDrivenTesting" name="getUsersWithPathPara_DataProviderTest" time="1.04"/>
</testsuite> <!-- Default test -->
