<?xml version="1.0" encoding="UTF-8"?>
<!-- Generated by org.testng.reporters.JUnitXMLReporter -->
<testsuite ignored="0" hostname="DESKTOP-KEGK38M" failures="0" tests="3" name="LoginTest" time="12.926" errors="0" timestamp="27 May 2022 04:43:48 GMT">
  <testcase classname="TestNG1.LoginPage" name="sigupLinkTest" time="0.266"/>
  <testcase classname="TestNG1.LoginPage" name="PageTitleTest" time="0.019"/>
  <testcase classname="TestNG1.LoginPage" name="LoginPageTest" time="0.752"/>
</testsuite> <!-- LoginTest -->
