<?xml version="1.0" encoding="UTF-8"?>
<testng-results ignored="0" total="3" passed="3" failed="0" skipped="0">
  <reporter-output>
  </reporter-output>
  <suite started-at="2024-05-25T21:09:09 IST" name="Default suite" finished-at="2024-05-25T21:09:23 IST" duration-ms="13026">
    <groups>
    </groups>
    <test started-at="2024-05-25T21:09:09 IST" name="Default test" finished-at="2024-05-25T21:09:23 IST" duration-ms="13026">
      <class name="com.qa.gorest.tests.POST_01_CreateUserTest">
        <test-method is-config="true" signature="setup()[pri:0, instance:com.qa.gorest.tests.POST_01_CreateUserTest@42530531]" started-at="2024-05-25T21:09:10 IST" name="setup" finished-at="2024-05-25T21:09:10 IST" duration-ms="702" status="PASS">
          <reporter-output>
          </reporter-output>
        </test-method> <!-- setup -->
        <test-method signature="createUserTest(java.lang.String,java.lang.String,java.lang.String)[pri:0, instance:com.qa.gorest.tests.POST_01_CreateUserTest@42530531]" started-at="2024-05-25T21:09:10 IST" name="createUserTest" data-provider="getUserData" finished-at="2024-05-25T21:09:18 IST" duration-ms="7441" status="PASS">
          <params>
            <param index="0">
              <value>
                <![CDATA[Raj12]]>
              </value>
            </param>
            <param index="1">
              <value>
                <![CDATA[male]]>
              </value>
            </param>
            <param index="2">
              <value>
                <![CDATA[active]]>
              </value>
            </param>
          </params>
          <reporter-output>
          </reporter-output>
        </test-method> <!-- createUserTest -->
        <test-method signature="createUserTest(java.lang.String,java.lang.String,java.lang.String)[pri:0, instance:com.qa.gorest.tests.POST_01_CreateUserTest@42530531]" started-at="2024-05-25T21:09:18 IST" name="createUserTest" data-provider="getUserData" finished-at="2024-05-25T21:09:20 IST" duration-ms="2527" status="PASS">
          <params>
            <param index="0">
              <value>
                <![CDATA[Raj13]]>
              </value>
            </param>
            <param index="1">
              <value>
                <![CDATA[male]]>
              </value>
            </param>
            <param index="2">
              <value>
                <![CDATA[active]]>
              </value>
            </param>
          </params>
          <reporter-output>
          </reporter-output>
        </test-method> <!-- createUserTest -->
        <test-method signature="createUserTest(java.lang.String,java.lang.String,java.lang.String)[pri:0, instance:com.qa.gorest.tests.POST_01_CreateUserTest@42530531]" started-at="2024-05-25T21:09:20 IST" name="createUserTest" data-provider="getUserData" finished-at="2024-05-25T21:09:23 IST" duration-ms="2078" status="PASS">
          <params>
            <param index="0">
              <value>
                <![CDATA[Raj14]]>
              </value>
            </param>
            <param index="1">
              <value>
                <![CDATA[male]]>
              </value>
            </param>
            <param index="2">
              <value>
                <![CDATA[active]]>
              </value>
            </param>
          </params>
          <reporter-output>
          </reporter-output>
        </test-method> <!-- createUserTest -->
      </class> <!-- com.qa.gorest.tests.POST_01_CreateUserTest -->
    </test> <!-- Default test -->
  </suite> <!-- Default suite -->
</testng-results>
