<?xml version="1.0" encoding="UTF-8"?>
<testng-results ignored="1" total="4" passed="3" failed="0" skipped="0">
  <reporter-output>
  </reporter-output>
  <suite started-at="2024-05-26T13:06:44 IST" name="Default suite" finished-at="2024-05-26T13:07:04 IST" duration-ms="20404">
    <groups>
    </groups>
    <test started-at="2024-05-26T13:06:44 IST" name="Default test" finished-at="2024-05-26T13:07:04 IST" duration-ms="20404">
      <class name="com.qa.gorest.tests.POST_01_CreateUserTest">
        <test-method is-config="true" signature="setup()[pri:0, instance:com.qa.gorest.tests.POST_01_CreateUserTest@65b104b9]" started-at="2024-05-26T13:06:44 IST" name="setup" finished-at="2024-05-26T13:06:45 IST" duration-ms="846" status="PASS">
          <reporter-output>
          </reporter-output>
        </test-method> <!-- setup -->
        <test-method signature="createUserTest(java.lang.String,java.lang.String,java.lang.String)[pri:0, instance:com.qa.gorest.tests.POST_01_CreateUserTest@65b104b9]" started-at="2024-05-26T13:06:46 IST" name="createUserTest" data-provider="getUserData_FromExcel" finished-at="2024-05-26T13:06:58 IST" duration-ms="12221" status="PASS">
          <params>
            <param index="0">
              <value>
                <![CDATA[Raj14]]>
              </value>
            </param>
            <param index="1">
              <value>
                <![CDATA[male]]>
              </value>
            </param>
            <param index="2">
              <value>
                <![CDATA[active]]>
              </value>
            </param>
          </params>
          <reporter-output>
          </reporter-output>
        </test-method> <!-- createUserTest -->
        <test-method signature="createUserTest(java.lang.String,java.lang.String,java.lang.String)[pri:0, instance:com.qa.gorest.tests.POST_01_CreateUserTest@65b104b9]" started-at="2024-05-26T13:06:59 IST" name="createUserTest" data-provider="getUserData_FromExcel" finished-at="2024-05-26T13:07:01 IST" duration-ms="2574" status="PASS">
          <params>
            <param index="0">
              <value>
                <![CDATA[Raj15]]>
              </value>
            </param>
            <param index="1">
              <value>
                <![CDATA[male]]>
              </value>
            </param>
            <param index="2">
              <value>
                <![CDATA[active]]>
              </value>
            </param>
          </params>
          <reporter-output>
          </reporter-output>
        </test-method> <!-- createUserTest -->
        <test-method signature="createUserTest(java.lang.String,java.lang.String,java.lang.String)[pri:0, instance:com.qa.gorest.tests.POST_01_CreateUserTest@65b104b9]" started-at="2024-05-26T13:07:01 IST" name="createUserTest" data-provider="getUserData_FromExcel" finished-at="2024-05-26T13:07:04 IST" duration-ms="2872" status="PASS">
          <params>
            <param index="0">
              <value>
                <![CDATA[Raj16]]>
              </value>
            </param>
            <param index="1">
              <value>
                <![CDATA[male]]>
              </value>
            </param>
            <param index="2">
              <value>
                <![CDATA[active]]>
              </value>
            </param>
          </params>
          <reporter-output>
          </reporter-output>
        </test-method> <!-- createUserTest -->
      </class> <!-- com.qa.gorest.tests.POST_01_CreateUserTest -->
    </test> <!-- Default test -->
  </suite> <!-- Default suite -->
</testng-results>
