<?xml version="1.0" encoding="UTF-8"?>
<!-- Generated by org.testng.reporters.JUnitXMLReporter -->
<testsuite hostname="DESKTOP-KEGK38M" ignored="1" name="Default test" tests="6" failures="0" timestamp="24 Jun 2023 14:06:05 GMT" time="0.106" errors="0">
  <testcase name="test3" time="0.007" classname="TestNG1.Practise1Test"/>
  <testcase name="m5Test" time="0.003" classname="TestNG1.Practise1Test"/>
  <testcase name="m5Test" time="0.003" classname="TestNG1.Practise1Test"/>
  <testcase name="m5Test" time="0.003" classname="TestNG1.Practise1Test"/>
  <testcase name="m5Test" time="0.003" classname="TestNG1.Practise1Test"/>
  <testcase name="m5Test" time="0.008" classname="TestNG1.Practise1Test"/>
  <testcase name="test2" time="0.0" classname="TestNG1.Practise1Test">
    <ignored/>
  </testcase> <!-- test2 -->
</testsuite> <!-- Default test -->
