<?xml version="1.0" encoding="UTF-8"?>
<!-- Generated by org.testng.reporters.JUnitReportReporter -->
<testsuite hostname="DESKTOP-KEGK38M" failures="0" tests="1" name="com.qa.gorest.tests.GET_05_GetCircuits_JsonPathValidatorTest" time="5.185" errors="0" timestamp="2024-05-26T12:08:03 IST" skipped="0">
  <testcase classname="com.qa.gorest.tests.GET_05_GetCircuits_JsonPathValidatorTest" name="getCircuits_JsonPathValidatorTest" time="5.185"/>
  <system-out/>
</testsuite> <!-- com.qa.gorest.tests.GET_05_GetCircuits_JsonPathValidatorTest -->
