<?xml version="1.0" encoding="UTF-8"?>
<testng-results ignored="1" total="2" passed="1" failed="0" skipped="0">
  <reporter-output>
  </reporter-output>
  <suite started-at="2025-07-06T13:00:27 IST" name="Default suite" finished-at="2025-07-06T13:00:29 IST" duration-ms="1898">
    <groups>
    </groups>
    <test started-at="2025-07-06T13:00:27 IST" name="Default test" finished-at="2025-07-06T13:00:29 IST" duration-ms="1898">
      <class name="org.mock.api.test.GetMockUserTest">
        <test-method is-config="true" signature="setup()[pri:0, instance:org.mock.api.test.GetMockUserTest@fbd1f6]" started-at="2025-07-06T13:00:27 IST" name="setup" finished-at="2025-07-06T13:00:28 IST" duration-ms="1016" status="PASS">
          <reporter-output>
          </reporter-output>
        </test-method> <!-- setup -->
        <test-method signature="mockUserWithQueryParamAPITest()[pri:0, instance:org.mock.api.test.GetMockUserTest@fbd1f6]" started-at="2025-07-06T13:00:28 IST" name="mockUserWithQueryParamAPITest" finished-at="2025-07-06T13:00:28 IST" duration-ms="847" status="PASS">
          <reporter-output>
          </reporter-output>
        </test-method> <!-- mockUserWithQueryParamAPITest -->
        <test-method is-config="true" signature="tearDown()[pri:0, instance:org.mock.api.test.GetMockUserTest@fbd1f6]" started-at="2025-07-06T13:00:28 IST" name="tearDown" finished-at="2025-07-06T13:00:29 IST" duration-ms="8" status="PASS">
          <reporter-output>
          </reporter-output>
        </test-method> <!-- tearDown -->
      </class> <!-- org.mock.api.test.GetMockUserTest -->
    </test> <!-- Default test -->
  </suite> <!-- Default suite -->
</testng-results>
