<?xml version="1.0" encoding="UTF-8"?>
<testng-results ignored="0" total="1" passed="1" failed="0" skipped="0">
  <reporter-output>
  </reporter-output>
  <suite started-at="2025-07-05T20:35:52 IST" name="Default suite" finished-at="2025-07-05T20:35:58 IST" duration-ms="5929">
    <groups>
    </groups>
    <test started-at="2025-07-05T20:35:52 IST" name="Default test" finished-at="2025-07-05T20:35:58 IST" duration-ms="5929">
      <class name="org.mock.api.test.MockUserTest">
        <test-method is-config="true" signature="setup()[pri:0, instance:org.mock.api.test.MockUserTest@55fe41ea]" started-at="2025-07-05T20:35:52 IST" name="setup" finished-at="2025-07-05T20:35:54 IST" duration-ms="2405" status="PASS">
          <reporter-output>
          </reporter-output>
        </test-method> <!-- setup -->
        <test-method signature="mockUserAPITest()[pri:0, instance:org.mock.api.test.MockUserTest@55fe41ea]" started-at="2025-07-05T20:35:54 IST" name="mockUserAPITest" finished-at="2025-07-05T20:35:58 IST" duration-ms="3431" status="PASS">
          <reporter-output>
          </reporter-output>
        </test-method> <!-- mockUserAPITest -->
        <test-method is-config="true" signature="tearDown()[pri:0, instance:org.mock.api.test.MockUserTest@55fe41ea]" started-at="2025-07-05T20:35:58 IST" name="tearDown" finished-at="2025-07-05T20:35:58 IST" duration-ms="23" status="PASS">
          <reporter-output>
          </reporter-output>
        </test-method> <!-- tearDown -->
      </class> <!-- org.mock.api.test.MockUserTest -->
    </test> <!-- Default test -->
  </suite> <!-- Default suite -->
</testng-results>
