<?xml version="1.0" encoding="UTF-8"?>
<!-- Generated by org.testng.reporters.JUnitXMLReporter -->
<testsuite ignored="1" hostname="LAPTOP-R460F5QO" failures="0" tests="1" name="Default test" time="3.151" errors="0" timestamp="2025-07-06T18:55:21 IST">
  <testcase classname="org.mock.api.test.PostMockUserTest" name="createDummyUserWithJsonFileTest" time="1.632"/>
  <testcase classname="org.mock.api.test.PostMockUserTest" name="createMockUserAPITest" time="0.0">
    <ignored/>
  </testcase> <!-- createMockUserAPITest -->
</testsuite> <!-- Default test -->
