<?xml version="1.0" encoding="UTF-8"?>
<!-- Generated by org.testng.reporters.JUnitXMLReporter -->
<testsuite ignored="1" hostname="LAPTOP-R460F5QO" failures="0" tests="1" name="Default test" time="1.898" errors="0" timestamp="2025-07-06T13:00:29 IST">
  <testcase classname="org.mock.api.test.GetMockUserTest" name="mockUserWithQueryParamAPITest" time="0.847"/>
  <testcase classname="org.mock.api.test.GetMockUserTest" name="mockUserAPITest" time="0.0">
    <ignored/>
  </testcase> <!-- mockUserAPITest -->
</testsuite> <!-- Default test -->
