<?xml version="1.0" encoding="UTF-8"?>
<!-- Generated by org.testng.reporters.JUnitXMLReporter -->
<testsuite ignored="0" hostname="DESKTOP-KEGK38M" failures="0" tests="3" name="Default test" time="13.026" errors="0" timestamp="2024-05-25T21:09:23 IST">
  <testcase classname="com.qa.gorest.tests.POST_01_CreateUserTest" name="createUserTest" time="7.441"/>
  <testcase classname="com.qa.gorest.tests.POST_01_CreateUserTest" name="createUserTest" time="2.527"/>
  <testcase classname="com.qa.gorest.tests.POST_01_CreateUserTest" name="createUserTest" time="2.078"/>
</testsuite> <!-- Default test -->
