<?xml version="1.0" encoding="UTF-8"?>
<!-- Generated by org.testng.reporters.JUnitXMLReporter -->
<testsuite ignored="1" hostname="DESKTOP-KEGK38M" failures="0" tests="3" name="Default test" time="20.404" errors="0" timestamp="2024-05-26T13:07:04 IST">
  <testcase classname="com.qa.gorest.tests.POST_01_CreateUserTest" name="createUserTest" time="12.221"/>
  <testcase classname="com.qa.gorest.tests.POST_01_CreateUserTest" name="createUserTest" time="2.574"/>
  <testcase classname="com.qa.gorest.tests.POST_01_CreateUserTest" name="createUserTest" time="2.872"/>
  <testcase classname="com.qa.gorest.base.BaseTest" name="@BeforeTest setup" time="0.0">
    <ignored/>
  </testcase> <!-- @BeforeTest setup -->
</testsuite> <!-- Default test -->
