<?xml version="1.0" encoding="UTF-8"?>
<testng-results ignored="0" total="3" passed="3" failed="0" skipped="0">
  <reporter-output>
  </reporter-output>
  <suite started-at="2024-04-12T13:56:34Z" name="Default suite" finished-at="2024-04-12T13:56:35Z" duration-ms="1195">
    <groups>
    </groups>
    <test started-at="2024-04-12T13:56:34Z" name="Default test" finished-at="2024-04-12T13:56:35Z" duration-ms="1195">
      <class name="Selenium2024.Selenium2024.DataDrivenTest">
        <test-method signature="getData(java.lang.String, java.lang.String)[pri:0, instance:Selenium2024.Selenium2024.DataDrivenTest@3c73951]" started-at="2024-04-12T13:56:35Z" name="getData" data-provider="getRegistrationData" finished-at="2024-04-12T13:56:35Z" duration-ms="18" status="PASS">
          <params>
            <param index="0">
              <value>
                <![CDATA[Raj]]>
              </value>
            </param>
            <param index="1">
              <value>
                <![CDATA[Raj@2024]]>
              </value>
            </param>
          </params>
          <reporter-output>
          </reporter-output>
        </test-method> <!-- getData -->
        <test-method signature="getData(java.lang.String, java.lang.String)[pri:0, instance:Selenium2024.Selenium2024.DataDrivenTest@3c73951]" started-at="2024-04-12T13:56:35Z" name="getData" data-provider="getRegistrationData" finished-at="2024-04-12T13:56:35Z" duration-ms="4" status="PASS">
          <params>
            <param index="0">
              <value>
                <![CDATA[Shruti]]>
              </value>
            </param>
            <param index="1">
              <value>
                <![CDATA[Shruti@2024]]>
              </value>
            </param>
          </params>
          <reporter-output>
          </reporter-output>
        </test-method> <!-- getData -->
        <test-method signature="getData(java.lang.String, java.lang.String)[pri:0, instance:Selenium2024.Selenium2024.DataDrivenTest@3c73951]" started-at="2024-04-12T13:56:35Z" name="getData" data-provider="getRegistrationData" finished-at="2024-04-12T13:56:35Z" duration-ms="7" status="PASS">
          <params>
            <param index="0">
              <value>
                <![CDATA[Nilesh]]>
              </value>
            </param>
            <param index="1">
              <value>
                <![CDATA[Nilesh@2024]]>
              </value>
            </param>
          </params>
          <reporter-output>
          </reporter-output>
        </test-method> <!-- getData -->
      </class> <!-- Selenium2024.Selenium2024.DataDrivenTest -->
    </test> <!-- Default test -->
  </suite> <!-- Default suite -->
</testng-results>
