<?xml version="1.0" encoding="UTF-8"?>
<!-- Generated by org.testng.reporters.JUnitXMLReporter -->
<testsuite ignored="0" hostname="DESKTOP-KEGK38M" failures="0" tests="3" name="Default test" time="1.446" errors="0" timestamp="14 Apr 2024 05:45:24 GMT">
  <testcase classname="Selenium2024.Selenium2024.DataDrivenTest" name="getData" time="0.014"/>
  <testcase classname="Selenium2024.Selenium2024.DataDrivenTest" name="getData" time="0.003"/>
  <testcase classname="Selenium2024.Selenium2024.DataDrivenTest" name="getData" time="0.002"/>
</testsuite> <!-- Default test -->
