<?xml version="1.0" encoding="UTF-8"?>
<!-- Generated by org.testng.reporters.JUnitXMLReporter -->
<testsuite ignored="0" hostname="DESKTOP-KEGK38M" failures="0" tests="3" name="Default test" time="1.195" errors="0" timestamp="12 Apr 2024 13:56:35 GMT">
  <testcase classname="Selenium2024.Selenium2024.DataDrivenTest" name="getData" time="0.018"/>
  <testcase classname="Selenium2024.Selenium2024.DataDrivenTest" name="getData" time="0.004"/>
  <testcase classname="Selenium2024.Selenium2024.DataDrivenTest" name="getData" time="0.007"/>
</testsuite> <!-- Default test -->
