<?xml version="1.0" encoding="UTF-8"?>
<testng-results ignored="0" total="1" passed="1" failed="0" skipped="0">
  <reporter-output>
  </reporter-output>
  <suite started-at="2024-06-22T19:01:13 IST" name="Default suite" finished-at="2024-06-22T19:01:17 IST" duration-ms="4635">
    <groups>
    </groups>
    <test started-at="2024-06-22T19:01:13 IST" name="Default test" finished-at="2024-06-22T19:01:17 IST" duration-ms="4635">
      <class name="com.qa.ergast.tests.GET_01_GetCircuits">
        <test-method is-config="true" signature="setup()[pri:0, instance:com.qa.ergast.tests.GET_01_GetCircuits@17d88132]" started-at="2024-06-22T19:01:13 IST" name="setup" finished-at="2024-06-22T19:01:14 IST" duration-ms="935" status="PASS">
          <reporter-output>
          </reporter-output>
        </test-method> <!-- setup -->
        <test-method is-config="true" signature="getCircuitsSetup()[pri:0, instance:com.qa.ergast.tests.GET_01_GetCircuits@17d88132]" started-at="2024-06-22T19:01:14 IST" name="getCircuitsSetup" finished-at="2024-06-22T19:01:14 IST" duration-ms="3" status="PASS">
          <reporter-output>
          </reporter-output>
        </test-method> <!-- getCircuitsSetup -->
        <test-method signature="getAllCicrcuiteDetailsTest()[pri:0, instance:com.qa.ergast.tests.GET_01_GetCircuits@17d88132]" started-at="2024-06-22T19:01:14 IST" name="getAllCicrcuiteDetailsTest" finished-at="2024-06-22T19:01:17 IST" duration-ms="3490" status="PASS">
          <reporter-output>
          </reporter-output>
        </test-method> <!-- getAllCicrcuiteDetailsTest -->
      </class> <!-- com.qa.ergast.tests.GET_01_GetCircuits -->
    </test> <!-- Default test -->
  </suite> <!-- Default suite -->
</testng-results>
