<?xml version="1.0" encoding="UTF-8"?>
<!-- Generated by org.testng.reporters.JUnitXMLReporter -->
<testsuite ignored="1" hostname="DESKTOP-KEGK38M" failures="0" tests="1" name="Default test" time="7.36" errors="0" timestamp="2024-05-11T13:41:25 IST">
  <testcase classname="RA_06_com.gorest.in.api.F1_UserTest" name="getProduct_WithLobokPojoTest_WithBuilder" time="7.28"/>
  <testcase classname="RA_06_com.gorest.in.api.F1_UserTest" name="getProduct_WithLobokPojoTest_WithoutBuilder" time="0.0">
    <ignored/>
  </testcase> <!-- getProduct_WithLobokPojoTest_WithoutBuilder -->
</testsuite> <!-- Default test -->
