<?xml version="1.0" encoding="UTF-8"?>
<!-- Generated by org.testng.reporters.JUnitXMLReporter -->
<testsuite ignored="3" hostname="DESKTOP-KEGK38M" failures="0" tests="1" name="Default test" time="3.931" errors="0" timestamp="2024-05-12T12:28:18 IST">
  <testcase classname="RA_07_MultiBody.G9_BodyWithBinaryTest" name="bodyWithBinaryExcelTest" time="3.843"/>
  <testcase classname="RA_07_MultiBody.G9_BodyWithBinaryTest" name="bodyWithBinaryTextTest" time="0.0">
    <ignored/>
  </testcase> <!-- bodyWithBinaryTextTest -->
  <testcase classname="RA_07_MultiBody.G9_BodyWithBinaryTest" name="bodyWithBinaryPNGTest" time="0.0">
    <ignored/>
  </testcase> <!-- bodyWithBinaryPNGTest -->
  <testcase classname="RA_07_MultiBody.G9_BodyWithBinaryTest" name="bodyWithBinaryPDFTest" time="0.0">
    <ignored/>
  </testcase> <!-- bodyWithBinaryPDFTest -->
</testsuite> <!-- Default test -->
