<?xml version="1.0" encoding="UTF-8"?>
<testng-results ignored="0" total="1" passed="1" failed="0" skipped="0">
  <reporter-output>
  </reporter-output>
  <suite started-at="2024-06-16T11:31:45 IST" name="Default suite" finished-at="2024-06-16T11:31:51 IST" duration-ms="5687">
    <groups>
    </groups>
    <test started-at="2024-06-16T11:31:45 IST" name="Default test" finished-at="2024-06-16T11:31:51 IST" duration-ms="5687">
      <class name="com.gorest.in.POST_07_MultiBody_Text">
        <test-method signature="bodyWithText()[pri:0, instance:com.gorest.in.POST_07_MultiBody_Text@1efe439d]" started-at="2024-06-16T11:31:45 IST" name="bodyWithText" finished-at="2024-06-16T11:31:51 IST" duration-ms="5358" status="PASS">
          <reporter-output>
          </reporter-output>
        </test-method> <!-- bodyWithText -->
      </class> <!-- com.gorest.in.POST_07_MultiBody_Text -->
    </test> <!-- Default test -->
  </suite> <!-- Default suite -->
</testng-results>
