<?xml version="1.0" encoding="UTF-8"?>
<testng-results ignored="0" total="1" passed="1" failed="0" skipped="0">
  <reporter-output>
  </reporter-output>
  <suite started-at="2024-05-18T13:09:39 IST" name="Default suite" finished-at="2024-05-18T13:09:55 IST" duration-ms="16218">
    <groups>
    </groups>
    <test started-at="2024-05-18T13:09:39 IST" name="Default test" finished-at="2024-05-18T13:09:55 IST" duration-ms="16218">
      <class name="com.gorest.in.DELETE01_DeletUser_PojoTest">
        <test-method signature="updateUserTest()[pri:0, instance:com.gorest.in.DELETE01_DeletUser_PojoTest@3a66e67e]" started-at="2024-05-18T13:09:39 IST" name="updateUserTest" finished-at="2024-05-18T13:09:55 IST" duration-ms="15814" status="PASS">
          <reporter-output>
          </reporter-output>
        </test-method> <!-- updateUserTest -->
      </class> <!-- com.gorest.in.DELETE01_DeletUser_PojoTest -->
    </test> <!-- Default test -->
  </suite> <!-- Default suite -->
</testng-results>
