<?xml version="1.0" encoding="UTF-8"?>
<testng-results ignored="1" total="2" passed="1" failed="0" skipped="0">
  <reporter-output>
  </reporter-output>
  <suite started-at="2024-05-05T10:53:39 IST" name="Default suite" finished-at="2024-05-05T10:54:08 IST" duration-ms="28591">
    <groups>
    </groups>
    <test started-at="2024-05-05T10:53:39 IST" name="Default test" finished-at="2024-05-05T10:54:08 IST" duration-ms="28591">
      <class name="RA_03_PostAPIs.C5_Post_Get_BookingAuthTest">
        <test-method signature="addUserTest()[pri:0, instance:RA_03_PostAPIs.C5_Post_Get_BookingAuthTest@f736069]" started-at="2024-05-05T10:53:39 IST" name="addUserTest" finished-at="2024-05-05T10:54:08 IST" duration-ms="28506" status="PASS">
          <reporter-output>
          </reporter-output>
        </test-method> <!-- addUserTest -->
      </class> <!-- RA_03_PostAPIs.C5_Post_Get_BookingAuthTest -->
    </test> <!-- Default test -->
  </suite> <!-- Default suite -->
</testng-results>
