<?xml version="1.0" encoding="UTF-8"?>
<testng-results ignored="0" total="4" passed="4" failed="0" skipped="0">
  <reporter-output>
  </reporter-output>
  <suite started-at="2024-05-04T10:58:10 IST" name="Default suite" finished-at="2024-05-04T10:58:21 IST" duration-ms="10808">
    <groups>
    </groups>
    <test started-at="2024-05-04T10:58:10 IST" name="Default test" finished-at="2024-05-04T10:58:21 IST" duration-ms="10808">
      <class name="GetAPIs.B8_F1DataAPI_withPathParam_DataProvider">
        <test-method signature="getProductDataAPIWithQueryParamTest(java.lang.String,int)[pri:0, instance:GetAPIs.B8_F1DataAPI_withPathParam_DataProvider@5acf93bb]" started-at="2024-05-04T10:58:10 IST" name="getProductDataAPIWithQueryParamTest" data-provider="getCircuitYearData" finished-at="2024-05-04T10:58:17 IST" duration-ms="6187" status="PASS">
          <params>
            <param index="0">
              <value>
                <![CDATA[2016]]>
              </value>
            </param>
            <param index="1">
              <value>
                <![CDATA[21]]>
              </value>
            </param>
          </params>
          <reporter-output>
          </reporter-output>
        </test-method> <!-- getProductDataAPIWithQueryParamTest -->
        <test-method signature="getProductDataAPIWithQueryParamTest(java.lang.String,int)[pri:0, instance:GetAPIs.B8_F1DataAPI_withPathParam_DataProvider@5acf93bb]" started-at="2024-05-04T10:58:17 IST" name="getProductDataAPIWithQueryParamTest" data-provider="getCircuitYearData" finished-at="2024-05-04T10:58:18 IST" duration-ms="1341" status="PASS">
          <params>
            <param index="0">
              <value>
                <![CDATA[2017]]>
              </value>
            </param>
            <param index="1">
              <value>
                <![CDATA[20]]>
              </value>
            </param>
          </params>
          <reporter-output>
          </reporter-output>
        </test-method> <!-- getProductDataAPIWithQueryParamTest -->
        <test-method signature="getProductDataAPIWithQueryParamTest(java.lang.String,int)[pri:0, instance:GetAPIs.B8_F1DataAPI_withPathParam_DataProvider@5acf93bb]" started-at="2024-05-04T10:58:18 IST" name="getProductDataAPIWithQueryParamTest" data-provider="getCircuitYearData" finished-at="2024-05-04T10:58:19 IST" duration-ms="1268" status="PASS">
          <params>
            <param index="0">
              <value>
                <![CDATA[1966]]>
              </value>
            </param>
            <param index="1">
              <value>
                <![CDATA[9]]>
              </value>
            </param>
          </params>
          <reporter-output>
          </reporter-output>
        </test-method> <!-- getProductDataAPIWithQueryParamTest -->
        <test-method signature="getProductDataAPIWithQueryParamTest(java.lang.String,int)[pri:0, instance:GetAPIs.B8_F1DataAPI_withPathParam_DataProvider@5acf93bb]" started-at="2024-05-04T10:58:19 IST" name="getProductDataAPIWithQueryParamTest" data-provider="getCircuitYearData" finished-at="2024-05-04T10:58:21 IST" duration-ms="1900" status="PASS">
          <params>
            <param index="0">
              <value>
                <![CDATA[2023]]>
              </value>
            </param>
            <param index="1">
              <value>
                <![CDATA[22]]>
              </value>
            </param>
          </params>
          <reporter-output>
          </reporter-output>
        </test-method> <!-- getProductDataAPIWithQueryParamTest -->
      </class> <!-- GetAPIs.B8_F1DataAPI_withPathParam_DataProvider -->
    </test> <!-- Default test -->
  </suite> <!-- Default suite -->
</testng-results>
