<?xml version="1.0" encoding="UTF-8"?>
<!-- Generated by org.testng.reporters.JUnitXMLReporter -->
<testsuite ignored="1" hostname="DESKTOP-KEGK38M" failures="0" tests="1" name="Default test" time="28.591" errors="0" timestamp="2024-05-05T10:54:08 IST">
  <testcase classname="RA_03_PostAPIs.C5_Post_Get_BookingAuthTest" name="addUserTest" time="28.506"/>
  <testcase classname="RA_03_PostAPIs.C5_Post_Get_BookingAuthTest" name="getUserTest" time="0.0">
    <ignored/>
  </testcase> <!-- getUserTest -->
</testsuite> <!-- Default test -->
