<?xml version="1.0" encoding="UTF-8"?>
<testng-results ignored="1" total="2" passed="1" failed="0" skipped="0">
  <reporter-output>
  </reporter-output>
  <suite started-at="2025-07-06T18:55:18 IST" name="Default suite" finished-at="2025-07-06T18:55:21 IST" duration-ms="3151">
    <groups>
    </groups>
    <test started-at="2025-07-06T18:55:18 IST" name="Default test" finished-at="2025-07-06T18:55:21 IST" duration-ms="3151">
      <class name="org.mock.api.test.PostMockUserTest">
        <test-method is-config="true" signature="setup()[pri:0, instance:org.mock.api.test.PostMockUserTest@fbd1f6]" started-at="2025-07-06T18:55:18 IST" name="setup" finished-at="2025-07-06T18:55:20 IST" duration-ms="1481" status="PASS">
          <reporter-output>
          </reporter-output>
        </test-method> <!-- setup -->
        <test-method signature="createDummyUserWithJsonFileTest()[pri:0, instance:org.mock.api.test.PostMockUserTest@fbd1f6]" started-at="2025-07-06T18:55:20 IST" name="createDummyUserWithJsonFileTest" finished-at="2025-07-06T18:55:21 IST" duration-ms="1632" status="PASS">
          <reporter-output>
          </reporter-output>
        </test-method> <!-- createDummyUserWithJsonFileTest -->
        <test-method is-config="true" signature="tearDown()[pri:0, instance:org.mock.api.test.PostMockUserTest@fbd1f6]" started-at="2025-07-06T18:55:21 IST" name="tearDown" finished-at="2025-07-06T18:55:21 IST" duration-ms="12" status="PASS">
          <reporter-output>
          </reporter-output>
        </test-method> <!-- tearDown -->
      </class> <!-- org.mock.api.test.PostMockUserTest -->
    </test> <!-- Default test -->
  </suite> <!-- Default suite -->
</testng-results>
