<?xml version="1.0" encoding="UTF-8"?>
<testng-results ignored="0" total="4" passed="4" failed="0" skipped="0">
  <reporter-output>
  </reporter-output>
  <suite started-at="2024-05-26T12:05:57 IST" name="Default suite" finished-at="2024-05-26T12:06:25 IST" duration-ms="27898">
    <groups>
    </groups>
    <test started-at="2024-05-26T12:05:57 IST" name="Default test" finished-at="2024-05-26T12:06:25 IST" duration-ms="27898">
      <class name="RA_01A_02_GetAPIs.B9_F1DataAPI_withPathParam_DataProvider">
        <test-method signature="getProductDataAPIWithQueryParamTest(java.lang.String,int)[pri:0, instance:RA_01A_02_GetAPIs.B9_F1DataAPI_withPathParam_DataProvider@54504ecd]" started-at="2024-05-26T12:05:57 IST" name="getProductDataAPIWithQueryParamTest" data-provider="getCircuitYearData" finished-at="2024-05-26T12:06:20 IST" duration-ms="22699" status="PASS">
          <params>
            <param index="0">
              <value>
                <![CDATA[2016]]>
              </value>
            </param>
            <param index="1">
              <value>
                <![CDATA[21]]>
              </value>
            </param>
          </params>
          <reporter-output>
          </reporter-output>
        </test-method> <!-- getProductDataAPIWithQueryParamTest -->
        <test-method signature="getProductDataAPIWithQueryParamTest(java.lang.String,int)[pri:0, instance:RA_01A_02_GetAPIs.B9_F1DataAPI_withPathParam_DataProvider@54504ecd]" started-at="2024-05-26T12:06:20 IST" name="getProductDataAPIWithQueryParamTest" data-provider="getCircuitYearData" finished-at="2024-05-26T12:06:21 IST" duration-ms="1454" status="PASS">
          <params>
            <param index="0">
              <value>
                <![CDATA[2017]]>
              </value>
            </param>
            <param index="1">
              <value>
                <![CDATA[20]]>
              </value>
            </param>
          </params>
          <reporter-output>
          </reporter-output>
        </test-method> <!-- getProductDataAPIWithQueryParamTest -->
        <test-method signature="getProductDataAPIWithQueryParamTest(java.lang.String,int)[pri:0, instance:RA_01A_02_GetAPIs.B9_F1DataAPI_withPathParam_DataProvider@54504ecd]" started-at="2024-05-26T12:06:21 IST" name="getProductDataAPIWithQueryParamTest" data-provider="getCircuitYearData" finished-at="2024-05-26T12:06:23 IST" duration-ms="1700" status="PASS">
          <params>
            <param index="0">
              <value>
                <![CDATA[1966]]>
              </value>
            </param>
            <param index="1">
              <value>
                <![CDATA[9]]>
              </value>
            </param>
          </params>
          <reporter-output>
          </reporter-output>
        </test-method> <!-- getProductDataAPIWithQueryParamTest -->
        <test-method signature="getProductDataAPIWithQueryParamTest(java.lang.String,int)[pri:0, instance:RA_01A_02_GetAPIs.B9_F1DataAPI_withPathParam_DataProvider@54504ecd]" started-at="2024-05-26T12:06:23 IST" name="getProductDataAPIWithQueryParamTest" data-provider="getCircuitYearData" finished-at="2024-05-26T12:06:25 IST" duration-ms="1732" status="PASS">
          <params>
            <param index="0">
              <value>
                <![CDATA[2023]]>
              </value>
            </param>
            <param index="1">
              <value>
                <![CDATA[22]]>
              </value>
            </param>
          </params>
          <reporter-output>
          </reporter-output>
        </test-method> <!-- getProductDataAPIWithQueryParamTest -->
      </class> <!-- RA_01A_02_GetAPIs.B9_F1DataAPI_withPathParam_DataProvider -->
    </test> <!-- Default test -->
  </suite> <!-- Default suite -->
</testng-results>
