<?xml version="1.0" encoding="UTF-8"?>
<testng-results ignored="0" total="1" passed="1" failed="0" skipped="0">
  <reporter-output>
  </reporter-output>
  <suite started-at="2024-06-02T12:03:51 IST" name="Default suite" finished-at="2024-06-02T12:03:57 IST" duration-ms="6538">
    <groups>
    </groups>
    <test started-at="2024-06-02T12:03:51 IST" name="Default test" finished-at="2024-06-02T12:03:57 IST" duration-ms="6538">
      <class name="GraphQL.RickAndMortinAPI">
        <test-method signature="testGraphQLAPI()[pri:0, instance:GraphQL.RickAndMortinAPI@12d2ce03]" started-at="2024-06-02T12:03:51 IST" name="testGraphQLAPI" finished-at="2024-06-02T12:03:57 IST" duration-ms="6302" status="PASS">
          <reporter-output>
          </reporter-output>
        </test-method> <!-- testGraphQLAPI -->
      </class> <!-- GraphQL.RickAndMortinAPI -->
    </test> <!-- Default test -->
  </suite> <!-- Default suite -->
</testng-results>
