<?xml version="1.0" encoding="UTF-8"?>
<testng-results ignored="3" total="4" passed="1" failed="0" skipped="0">
  <reporter-output>
  </reporter-output>
  <suite started-at="2024-05-12T12:28:14 IST" name="Default suite" finished-at="2024-05-12T12:28:18 IST" duration-ms="3931">
    <groups>
    </groups>
    <test started-at="2024-05-12T12:28:14 IST" name="Default test" finished-at="2024-05-12T12:28:18 IST" duration-ms="3931">
      <class name="RA_07_MultiBody.G9_BodyWithBinaryTest">
        <test-method signature="bodyWithBinaryExcelTest()[pri:0, instance:RA_07_MultiBody.G9_BodyWithBinaryTest@1e04fa0a]" started-at="2024-05-12T12:28:14 IST" name="bodyWithBinaryExcelTest" finished-at="2024-05-12T12:28:18 IST" duration-ms="3843" status="PASS">
          <reporter-output>
          </reporter-output>
        </test-method> <!-- bodyWithBinaryExcelTest -->
      </class> <!-- RA_07_MultiBody.G9_BodyWithBinaryTest -->
    </test> <!-- Default test -->
  </suite> <!-- Default suite -->
</testng-results>
