<?xml version="1.0" encoding="UTF-8"?>
<testng-results ignored="0" total="1" passed="1" failed="0" skipped="0">
  <reporter-output>
  </reporter-output>
  <suite started-at="2024-05-12T20:10:51 IST" name="Default suite" finished-at="2024-05-12T20:10:58 IST" duration-ms="7087">
    <groups>
    </groups>
    <test started-at="2024-05-12T20:10:51 IST" name="Default test" finished-at="2024-05-12T20:10:58 IST" duration-ms="7087">
      <class name="RA_08B_AuthAPIs.H2_JWT_TokenTest">
        <test-method is-config="true" signature="allureSetup()[pri:0, instance:RA_08B_AuthAPIs.H2_JWT_TokenTest@1046d517]" started-at="2024-05-12T20:10:51 IST" name="allureSetup" finished-at="2024-05-12T20:10:52 IST" duration-ms="772" status="PASS">
          <reporter-output>
          </reporter-output>
        </test-method> <!-- allureSetup -->
        <test-method signature="jwtAuthWithJsonBodyTest()[pri:0, instance:RA_08B_AuthAPIs.H2_JWT_TokenTest@1046d517]" started-at="2024-05-12T20:10:52 IST" name="jwtAuthWithJsonBodyTest" finished-at="2024-05-12T20:10:58 IST" duration-ms="6073" status="PASS">
          <reporter-output>
          </reporter-output>
        </test-method> <!-- jwtAuthWithJsonBodyTest -->
      </class> <!-- RA_08B_AuthAPIs.H2_JWT_TokenTest -->
    </test> <!-- Default test -->
  </suite> <!-- Default suite -->
</testng-results>
